2019-04-01 19:46:16,577 - iCARL - INFO - [32mPass train/test data paths here[0m
2019-04-01 19:46:16,870 - iCARL - INFO - [32mPass train/test data paths here[0m
2019-04-01 19:46:17,413 - iCARL - DEBUG - [35mGround Truth Shape: (23869, 8)[0m
2019-04-01 19:46:17,414 - iCARL - DEBUG - [35mData shape 23869[0m
2019-04-01 19:46:17,414 - iCARL - INFO - [32mPass train/test data paths here[0m
2019-04-01 19:46:17,605 - iCARL - DEBUG - [35mGround Truth Shape: (6158, 8)[0m
2019-04-01 19:46:17,605 - iCARL - DEBUG - [35mData shape 6158[0m
2019-04-01 19:46:17,667 - iCARL - INFO - [32mEpoch : 0[0m
2019-04-01 19:50:41,467 - iCARL - INFO - [32mAvg Loss 0.16771898[0m
2019-04-01 19:51:04,380 - iCARL - INFO - [32mAvg Val Loss 0.12809268[0m
2019-04-01 19:51:04,380 - iCARL - INFO - [32mEpoch : 1[0m
2019-04-01 19:54:55,582 - iCARL - INFO - [32mAvg Loss 0.13647772[0m
2019-04-01 19:55:13,145 - iCARL - INFO - [32mAvg Val Loss 0.1238567[0m
2019-04-01 19:55:13,146 - iCARL - INFO - [32mEpoch : 2[0m
2019-04-01 19:59:02,757 - iCARL - INFO - [32mAvg Loss 0.13345525[0m
2019-04-01 19:59:19,776 - iCARL - INFO - [32mAvg Val Loss 0.126316[0m
2019-04-01 19:59:19,776 - iCARL - INFO - [32mEpoch : 3[0m
2019-04-01 20:02:59,353 - iCARL - INFO - [32mAvg Loss 0.11209644[0m
2019-04-01 20:03:16,877 - iCARL - INFO - [32mAvg Val Loss 0.08038576[0m
2019-04-01 20:03:16,877 - iCARL - INFO - [32mEpoch : 4[0m
2019-04-01 20:06:55,576 - iCARL - INFO - [32mAvg Loss 0.09553943[0m
2019-04-01 20:07:12,527 - iCARL - INFO - [32mAvg Val Loss 0.064317025[0m
2019-04-01 20:07:12,528 - iCARL - INFO - [32mEpoch : 5[0m
2019-04-01 20:10:51,024 - iCARL - INFO - [32mAvg Loss 0.08737457[0m
2019-04-01 20:11:08,677 - iCARL - INFO - [32mAvg Val Loss 0.065644406[0m
2019-04-01 20:11:08,677 - iCARL - INFO - [32mEpoch : 6[0m
2019-04-01 20:14:48,258 - iCARL - INFO - [32mAvg Loss 0.08234323[0m
2019-04-01 20:15:06,065 - iCARL - INFO - [32mAvg Val Loss 0.071276665[0m
2019-04-01 20:15:06,065 - iCARL - INFO - [32mEpoch : 7[0m
2019-04-01 20:18:45,320 - iCARL - INFO - [32mAvg Loss 0.07894732[0m
2019-04-01 20:19:02,542 - iCARL - INFO - [32mAvg Val Loss 0.042515602[0m
2019-04-01 20:19:02,543 - iCARL - INFO - [32mEpoch : 8[0m
2019-04-01 20:22:42,213 - iCARL - INFO - [32mAvg Loss 0.07613209[0m
2019-04-01 20:22:59,400 - iCARL - INFO - [32mAvg Val Loss 0.046456702[0m
2019-04-01 20:22:59,401 - iCARL - INFO - [32mEpoch : 9[0m
2019-04-01 20:26:39,160 - iCARL - INFO - [32mAvg Loss 0.07452606[0m
2019-04-01 20:26:56,756 - iCARL - INFO - [32mAvg Val Loss 0.051798318[0m
2019-04-01 20:26:56,757 - iCARL - INFO - [32mEpoch : 10[0m
2019-04-01 20:30:35,810 - iCARL - INFO - [32mAvg Loss 0.07243325[0m
2019-04-01 20:30:53,388 - iCARL - INFO - [32mAvg Val Loss 0.043629967[0m
2019-04-01 20:30:53,389 - iCARL - INFO - [32mEpoch : 11[0m
2019-04-01 20:34:32,501 - iCARL - INFO - [32mAvg Loss 0.07151588[0m
2019-04-01 20:34:49,603 - iCARL - INFO - [32mAvg Val Loss 0.04061704[0m
2019-04-01 20:34:49,604 - iCARL - INFO - [32mEpoch : 12[0m
2019-04-01 20:38:27,640 - iCARL - INFO - [32mAvg Loss 0.06934824[0m
2019-04-01 20:38:45,130 - iCARL - INFO - [32mAvg Val Loss 0.035690043[0m
2019-04-01 20:38:45,130 - iCARL - INFO - [32mEpoch : 13[0m
2019-04-01 20:42:24,166 - iCARL - INFO - [32mAvg Loss 0.06821531[0m
2019-04-01 20:42:41,256 - iCARL - INFO - [32mAvg Val Loss 0.049898252[0m
2019-04-01 20:42:41,256 - iCARL - INFO - [32mEpoch : 14[0m
2019-04-01 20:46:19,960 - iCARL - INFO - [32mAvg Loss 0.0676197[0m
2019-04-01 20:46:36,907 - iCARL - INFO - [32mAvg Val Loss 0.045379013[0m
2019-04-01 20:46:36,908 - iCARL - INFO - [32mEpoch : 15[0m
2019-04-01 20:50:15,299 - iCARL - INFO - [32mAvg Loss 0.06615874[0m
2019-04-01 20:50:33,224 - iCARL - INFO - [32mAvg Val Loss 0.036867358[0m
2019-04-01 20:50:33,224 - iCARL - INFO - [32mEpoch : 16[0m
2019-04-01 20:54:09,791 - iCARL - INFO - [32mAvg Loss 0.06616891[0m
2019-04-01 20:54:26,499 - iCARL - INFO - [32mAvg Val Loss 0.053561054[0m
2019-04-01 20:54:26,500 - iCARL - INFO - [32mEpoch : 17[0m
2019-04-01 20:58:03,412 - iCARL - INFO - [32mAvg Loss 0.065785155[0m
2019-04-01 20:58:20,503 - iCARL - INFO - [32mAvg Val Loss 0.040407944[0m
2019-04-01 20:58:20,503 - iCARL - INFO - [32mEpoch : 18[0m
2019-04-01 21:01:57,964 - iCARL - INFO - [32mAvg Loss 0.065152735[0m
2019-04-01 21:02:15,297 - iCARL - INFO - [32mAvg Val Loss 0.04199909[0m
2019-04-01 21:02:15,297 - iCARL - INFO - [32mEpoch : 19[0m
2019-04-01 21:05:51,836 - iCARL - INFO - [32mAvg Loss 0.06480723[0m
2019-04-01 21:06:08,453 - iCARL - INFO - [32mAvg Val Loss 0.040376622[0m
2019-04-01 21:06:08,453 - iCARL - INFO - [32mEpoch : 20[0m
2019-04-01 21:06:08,453 - iCARL - DEBUG - [35mChanging learning rate from 0.500000000 to 0.100000000[0m
2019-04-01 21:09:44,312 - iCARL - INFO - [32mAvg Loss 0.053445816[0m
2019-04-01 21:10:01,156 - iCARL - INFO - [32mAvg Val Loss 0.02518494[0m
2019-04-01 21:10:01,156 - iCARL - INFO - [32mEpoch : 21[0m
2019-04-01 21:13:36,419 - iCARL - INFO - [32mAvg Loss 0.051551215[0m
2019-04-01 21:13:53,088 - iCARL - INFO - [32mAvg Val Loss 0.024353074[0m
2019-04-01 21:13:53,088 - iCARL - INFO - [32mEpoch : 22[0m
2019-04-01 21:17:28,782 - iCARL - INFO - [32mAvg Loss 0.050841134[0m
2019-04-01 21:17:45,398 - iCARL - INFO - [32mAvg Val Loss 0.024406949[0m
2019-04-01 21:17:45,398 - iCARL - INFO - [32mEpoch : 23[0m
2019-04-01 21:21:20,659 - iCARL - INFO - [32mAvg Loss 0.0508412[0m
2019-04-01 21:21:37,438 - iCARL - INFO - [32mAvg Val Loss 0.025696177[0m
2019-04-01 21:21:37,439 - iCARL - INFO - [32mEpoch : 24[0m
2019-04-01 21:25:12,703 - iCARL - INFO - [32mAvg Loss 0.050154462[0m
2019-04-01 21:25:29,406 - iCARL - INFO - [32mAvg Val Loss 0.02668638[0m
2019-04-01 21:25:29,406 - iCARL - INFO - [32mEpoch : 25[0m
2019-04-01 21:29:05,017 - iCARL - INFO - [32mAvg Loss 0.05077333[0m
2019-04-01 21:29:21,813 - iCARL - INFO - [32mAvg Val Loss 0.023692934[0m
2019-04-01 21:29:21,813 - iCARL - INFO - [32mEpoch : 26[0m
2019-04-01 21:32:57,122 - iCARL - INFO - [32mAvg Loss 0.049825788[0m
2019-04-01 21:33:13,683 - iCARL - INFO - [32mAvg Val Loss 0.023201048[0m
2019-04-01 21:33:13,684 - iCARL - INFO - [32mEpoch : 27[0m
2019-04-01 21:36:48,712 - iCARL - INFO - [32mAvg Loss 0.049083985[0m
2019-04-01 21:37:05,314 - iCARL - INFO - [32mAvg Val Loss 0.023463424[0m
2019-04-01 21:37:05,315 - iCARL - INFO - [32mEpoch : 28[0m
2019-04-01 21:40:40,297 - iCARL - INFO - [32mAvg Loss 0.049365938[0m
2019-04-01 21:40:56,864 - iCARL - INFO - [32mAvg Val Loss 0.022428695[0m
2019-04-01 21:40:56,865 - iCARL - INFO - [32mEpoch : 29[0m
2019-04-01 21:44:33,644 - iCARL - INFO - [32mAvg Loss 0.048768554[0m
2019-04-01 21:44:50,869 - iCARL - INFO - [32mAvg Val Loss 0.022956923[0m
2019-04-01 21:44:50,869 - iCARL - INFO - [32mEpoch : 30[0m
2019-04-01 21:44:50,869 - iCARL - DEBUG - [35mChanging learning rate from 0.100000000 to 0.020000000[0m
2019-04-01 21:48:29,212 - iCARL - INFO - [32mAvg Loss 0.047435578[0m
2019-04-01 21:48:46,075 - iCARL - INFO - [32mAvg Val Loss 0.022199433[0m
2019-04-01 21:48:46,075 - iCARL - INFO - [32mEpoch : 31[0m
2019-04-01 21:52:23,756 - iCARL - INFO - [32mAvg Loss 0.046791654[0m
2019-04-01 21:52:40,999 - iCARL - INFO - [32mAvg Val Loss 0.022405362[0m
2019-04-01 21:52:40,999 - iCARL - INFO - [32mEpoch : 32[0m
2019-04-01 21:56:18,011 - iCARL - INFO - [32mAvg Loss 0.046177305[0m
2019-04-01 21:56:35,526 - iCARL - INFO - [32mAvg Val Loss 0.022533033[0m
2019-04-01 21:56:35,527 - iCARL - INFO - [32mEpoch : 33[0m
2019-04-01 22:00:12,305 - iCARL - INFO - [32mAvg Loss 0.047234774[0m
2019-04-01 22:00:29,199 - iCARL - INFO - [32mAvg Val Loss 0.021778455[0m
2019-04-01 22:00:29,199 - iCARL - INFO - [32mEpoch : 34[0m
2019-04-01 22:04:06,980 - iCARL - INFO - [32mAvg Loss 0.04729153[0m
2019-04-01 22:04:23,727 - iCARL - INFO - [32mAvg Val Loss 0.021923838[0m
2019-04-01 22:04:23,728 - iCARL - INFO - [32mEpoch : 35[0m
2019-04-01 22:04:23,728 - iCARL - DEBUG - [35mChanging learning rate from 0.020000000 to 0.004000000[0m
2019-04-01 22:07:58,514 - iCARL - INFO - [32mAvg Loss 0.045700166[0m
2019-04-01 22:08:15,034 - iCARL - INFO - [32mAvg Val Loss 0.021460027[0m
2019-04-01 22:08:15,035 - iCARL - INFO - [32mEpoch : 36[0m
2019-04-01 22:11:49,712 - iCARL - INFO - [32mAvg Loss 0.045326833[0m
2019-04-01 22:12:06,300 - iCARL - INFO - [32mAvg Val Loss 0.021055812[0m
2019-04-01 22:12:06,301 - iCARL - INFO - [32mEpoch : 37[0m
2019-04-01 22:15:40,963 - iCARL - INFO - [32mAvg Loss 0.046284173[0m
2019-04-01 22:15:58,026 - iCARL - INFO - [32mAvg Val Loss 0.021485364[0m
2019-04-01 22:15:58,027 - iCARL - INFO - [32mEpoch : 38[0m
2019-04-01 22:19:32,470 - iCARL - INFO - [32mAvg Loss 0.04610862[0m
2019-04-01 22:19:49,026 - iCARL - INFO - [32mAvg Val Loss 0.021317787[0m
2019-04-01 22:19:49,027 - iCARL - INFO - [32mEpoch : 39[0m
2019-04-01 22:23:23,200 - iCARL - INFO - [32mAvg Loss 0.04601288[0m
2019-04-01 22:23:39,746 - iCARL - INFO - [32mAvg Val Loss 0.021587677[0m
