2019-04-02 08:24:57,382 - iCARL - INFO - [32mPass train/test data paths here[0m
2019-04-02 08:24:57,730 - iCARL - DEBUG - [35mGround Truth Shape: (28416, 2)[0m
2019-04-02 08:24:57,730 - iCARL - DEBUG - [35mData shape 28416[0m
2019-04-02 08:24:57,731 - iCARL - INFO - [32mPass train/test data paths here[0m
2019-04-02 08:24:58,340 - iCARL - DEBUG - [35mGround Truth Shape: (67060, 2)[0m
2019-04-02 08:24:58,340 - iCARL - DEBUG - [35mData shape 67060[0m
2019-04-02 08:24:58,425 - iCARL - INFO - [32mEpoch : 0[0m
2019-04-02 08:30:51,303 - iCARL - INFO - [32mAvg Loss 0.36019036[0m
2019-04-02 08:40:49,098 - iCARL - INFO - [32mAvg Val Loss 0.26287082[0m
2019-04-02 08:40:49,099 - iCARL - INFO - [32mEpoch : 1[0m
2019-04-02 08:46:51,469 - iCARL - INFO - [32mAvg Loss 0.26209894[0m
2019-04-02 08:52:40,207 - iCARL - INFO - [32mAvg Val Loss 0.25896493[0m
2019-04-02 08:52:40,211 - iCARL - INFO - [32mEpoch : 2[0m
2019-04-02 08:58:24,006 - iCARL - INFO - [32mAvg Loss 0.2629269[0m
2019-04-02 09:03:55,596 - iCARL - INFO - [32mAvg Val Loss 0.27804092[0m
2019-04-02 09:03:55,597 - iCARL - INFO - [32mEpoch : 3[0m
2019-04-02 09:08:58,726 - iCARL - INFO - [32mAvg Loss 0.26103595[0m
2019-04-02 09:12:41,116 - iCARL - INFO - [32mAvg Val Loss 0.25895476[0m
2019-04-02 09:12:41,116 - iCARL - INFO - [32mEpoch : 4[0m
2019-04-02 09:17:17,767 - iCARL - INFO - [32mAvg Loss 0.26094133[0m
2019-04-02 09:20:45,692 - iCARL - INFO - [32mAvg Val Loss 0.25947064[0m
2019-04-02 09:20:45,693 - iCARL - INFO - [32mEpoch : 5[0m
2019-04-02 09:25:37,016 - iCARL - INFO - [32mAvg Loss 0.26101694[0m
2019-04-02 09:29:11,086 - iCARL - INFO - [32mAvg Val Loss 0.25822636[0m
2019-04-02 09:29:11,087 - iCARL - INFO - [32mEpoch : 6[0m
2019-04-02 09:33:58,140 - iCARL - INFO - [32mAvg Loss 0.26057917[0m
2019-04-02 09:37:20,049 - iCARL - INFO - [32mAvg Val Loss 0.27498114[0m
2019-04-02 09:37:20,050 - iCARL - INFO - [32mEpoch : 7[0m
2019-04-02 09:42:02,946 - iCARL - INFO - [32mAvg Loss 0.25966364[0m
2019-04-02 09:45:45,930 - iCARL - INFO - [32mAvg Val Loss 0.2609435[0m
2019-04-02 09:45:45,931 - iCARL - INFO - [32mEpoch : 8[0m
2019-04-02 09:50:28,168 - iCARL - INFO - [32mAvg Loss 0.25669742[0m
2019-04-02 09:53:47,200 - iCARL - INFO - [32mAvg Val Loss 0.2601789[0m
2019-04-02 09:53:47,201 - iCARL - INFO - [32mEpoch : 9[0m
2019-04-02 09:58:36,853 - iCARL - INFO - [32mAvg Loss 0.25407302[0m
2019-04-02 10:02:26,447 - iCARL - INFO - [32mAvg Val Loss 0.25243[0m
2019-04-02 10:02:26,447 - iCARL - INFO - [32mEpoch : 10[0m
2019-04-02 10:07:44,810 - iCARL - INFO - [32mAvg Loss 0.24586283[0m
2019-04-02 10:11:43,542 - iCARL - INFO - [32mAvg Val Loss 0.26176232[0m
2019-04-02 10:11:43,543 - iCARL - INFO - [32mEpoch : 11[0m
2019-04-02 10:17:04,492 - iCARL - INFO - [32mAvg Loss 0.23203401[0m
2019-04-02 10:21:25,949 - iCARL - INFO - [32mAvg Val Loss 0.25058675[0m
2019-04-02 10:21:25,951 - iCARL - INFO - [32mEpoch : 12[0m
2019-04-02 10:26:57,608 - iCARL - INFO - [32mAvg Loss 0.22335985[0m
2019-04-02 10:30:27,721 - iCARL - INFO - [32mAvg Val Loss 0.2106939[0m
2019-04-02 10:30:27,722 - iCARL - INFO - [32mEpoch : 13[0m
2019-04-02 10:35:25,382 - iCARL - INFO - [32mAvg Loss 0.21578556[0m
2019-04-02 10:38:54,846 - iCARL - INFO - [32mAvg Val Loss 0.26851976[0m
2019-04-02 10:38:54,847 - iCARL - INFO - [32mEpoch : 14[0m
2019-04-02 10:43:51,514 - iCARL - INFO - [32mAvg Loss 0.21060386[0m
2019-04-02 10:47:20,474 - iCARL - INFO - [32mAvg Val Loss 0.18744656[0m
2019-04-02 10:47:20,475 - iCARL - INFO - [32mEpoch : 15[0m
2019-04-02 10:52:16,616 - iCARL - INFO - [32mAvg Loss 0.20521368[0m
2019-04-02 10:55:45,321 - iCARL - INFO - [32mAvg Val Loss 0.22056717[0m
2019-04-02 10:55:45,322 - iCARL - INFO - [32mEpoch : 16[0m
2019-04-02 11:00:33,123 - iCARL - INFO - [32mAvg Loss 0.20148213[0m
2019-04-02 11:03:53,947 - iCARL - INFO - [32mAvg Val Loss 0.25521138[0m
2019-04-02 11:03:53,948 - iCARL - INFO - [32mEpoch : 17[0m
2019-04-02 11:08:39,899 - iCARL - INFO - [32mAvg Loss 0.19795652[0m
2019-04-02 11:12:00,977 - iCARL - INFO - [32mAvg Val Loss 0.27956453[0m
2019-04-02 11:12:00,977 - iCARL - INFO - [32mEpoch : 18[0m
2019-04-02 11:16:48,643 - iCARL - INFO - [32mAvg Loss 0.19726256[0m
2019-04-02 11:20:09,214 - iCARL - INFO - [32mAvg Val Loss 0.25220978[0m
2019-04-02 11:20:09,214 - iCARL - INFO - [32mEpoch : 19[0m
2019-04-02 11:24:51,838 - iCARL - INFO - [32mAvg Loss 0.19737555[0m
2019-04-02 11:28:12,123 - iCARL - INFO - [32mAvg Val Loss 0.22062217[0m
2019-04-02 11:28:12,124 - iCARL - INFO - [32mEpoch : 20[0m
2019-04-02 11:28:12,124 - iCARL - DEBUG - [35mChanging learning rate from 0.500000000 to 0.100000000[0m
2019-04-02 11:32:54,986 - iCARL - INFO - [32mAvg Loss 0.090446256[0m
2019-04-02 11:36:16,948 - iCARL - INFO - [32mAvg Val Loss 0.123071074[0m
2019-04-02 11:36:16,949 - iCARL - INFO - [32mEpoch : 21[0m
2019-04-02 11:40:57,200 - iCARL - INFO - [32mAvg Loss 0.08487838[0m
2019-04-02 11:44:12,532 - iCARL - INFO - [32mAvg Val Loss 0.12012494[0m
2019-04-02 11:44:12,533 - iCARL - INFO - [32mEpoch : 22[0m
2019-04-02 11:48:51,410 - iCARL - INFO - [32mAvg Loss 0.08338244[0m
2019-04-02 11:52:04,744 - iCARL - INFO - [32mAvg Val Loss 0.11448866[0m
2019-04-02 11:52:04,745 - iCARL - INFO - [32mEpoch : 23[0m
2019-04-02 11:56:43,408 - iCARL - INFO - [32mAvg Loss 0.08152459[0m
2019-04-02 11:59:58,174 - iCARL - INFO - [32mAvg Val Loss 0.10824285[0m
2019-04-02 11:59:58,174 - iCARL - INFO - [32mEpoch : 24[0m
2019-04-02 12:04:46,106 - iCARL - INFO - [32mAvg Loss 0.0795709[0m
2019-04-02 12:08:14,590 - iCARL - INFO - [32mAvg Val Loss 0.11490094[0m
2019-04-02 12:08:14,592 - iCARL - INFO - [32mEpoch : 25[0m
2019-04-02 12:13:15,365 - iCARL - INFO - [32mAvg Loss 0.078622796[0m
2019-04-02 12:16:41,445 - iCARL - INFO - [32mAvg Val Loss 0.114941694[0m
2019-04-02 12:16:41,446 - iCARL - INFO - [32mEpoch : 26[0m
2019-04-02 12:21:35,033 - iCARL - INFO - [32mAvg Loss 0.077543914[0m
2019-04-02 12:24:59,283 - iCARL - INFO - [32mAvg Val Loss 0.107631415[0m
2019-04-02 12:24:59,284 - iCARL - INFO - [32mEpoch : 27[0m
2019-04-02 12:29:52,432 - iCARL - INFO - [32mAvg Loss 0.07525047[0m
2019-04-02 12:33:17,454 - iCARL - INFO - [32mAvg Val Loss 0.10623163[0m
2019-04-02 12:33:17,454 - iCARL - INFO - [32mEpoch : 28[0m
2019-04-02 12:38:10,261 - iCARL - INFO - [32mAvg Loss 0.07366844[0m
2019-04-02 12:41:34,324 - iCARL - INFO - [32mAvg Val Loss 0.10389875[0m
2019-04-02 12:41:34,325 - iCARL - INFO - [32mEpoch : 29[0m
2019-04-02 12:46:18,206 - iCARL - INFO - [32mAvg Loss 0.073813155[0m
2019-04-02 12:49:35,714 - iCARL - INFO - [32mAvg Val Loss 0.12895277[0m
2019-04-02 12:49:35,715 - iCARL - INFO - [32mEpoch : 30[0m
2019-04-02 12:49:35,715 - iCARL - DEBUG - [35mChanging learning rate from 0.100000000 to 0.020000000[0m
2019-04-02 12:54:19,451 - iCARL - INFO - [32mAvg Loss 0.06286663[0m
2019-04-02 12:57:36,892 - iCARL - INFO - [32mAvg Val Loss 0.08763559[0m
2019-04-02 12:57:36,893 - iCARL - INFO - [32mEpoch : 31[0m
2019-04-02 13:02:20,596 - iCARL - INFO - [32mAvg Loss 0.06106143[0m
2019-04-02 13:05:38,190 - iCARL - INFO - [32mAvg Val Loss 0.090385295[0m
2019-04-02 13:05:38,190 - iCARL - INFO - [32mEpoch : 32[0m
2019-04-02 13:10:21,511 - iCARL - INFO - [32mAvg Loss 0.060194008[0m
2019-04-02 13:13:38,627 - iCARL - INFO - [32mAvg Val Loss 0.09205298[0m
2019-04-02 13:13:38,628 - iCARL - INFO - [32mEpoch : 33[0m
2019-04-02 13:18:21,942 - iCARL - INFO - [32mAvg Loss 0.05998751[0m
2019-04-02 13:21:39,849 - iCARL - INFO - [32mAvg Val Loss 0.08967079[0m
2019-04-02 13:21:39,850 - iCARL - INFO - [32mEpoch : 34[0m
2019-04-02 13:26:18,171 - iCARL - INFO - [32mAvg Loss 0.05884729[0m
2019-04-02 13:29:30,606 - iCARL - INFO - [32mAvg Val Loss 0.08887162[0m
2019-04-02 13:29:30,607 - iCARL - INFO - [32mEpoch : 35[0m
2019-04-02 13:29:30,607 - iCARL - DEBUG - [35mChanging learning rate from 0.020000000 to 0.004000000[0m
2019-04-02 13:34:07,300 - iCARL - INFO - [32mAvg Loss 0.056332443[0m
2019-04-02 13:37:21,324 - iCARL - INFO - [32mAvg Val Loss 0.08674187[0m
2019-04-02 13:37:21,325 - iCARL - INFO - [32mEpoch : 36[0m
2019-04-02 13:41:58,608 - iCARL - INFO - [32mAvg Loss 0.05677395[0m
2019-04-02 13:45:11,180 - iCARL - INFO - [32mAvg Val Loss 0.08637943[0m
2019-04-02 13:45:11,181 - iCARL - INFO - [32mEpoch : 37[0m
2019-04-02 13:49:47,638 - iCARL - INFO - [32mAvg Loss 0.056556273[0m
2019-04-02 13:52:59,733 - iCARL - INFO - [32mAvg Val Loss 0.08566884[0m
2019-04-02 13:52:59,734 - iCARL - INFO - [32mEpoch : 38[0m
2019-04-02 13:57:36,358 - iCARL - INFO - [32mAvg Loss 0.05613502[0m
2019-04-02 14:01:03,230 - iCARL - INFO - [32mAvg Val Loss 0.08679412[0m
2019-04-02 14:01:03,231 - iCARL - INFO - [32mEpoch : 39[0m
2019-04-02 14:06:03,407 - iCARL - INFO - [32mAvg Loss 0.056463894[0m
2019-04-02 14:10:01,345 - iCARL - INFO - [32mAvg Val Loss 0.08713482[0m
